<?xml version="1.0" encoding="UTF-8"?>
<!-- Generated by org.testng.reporters.JUnitXMLReporter -->
<testsuite ignored="0" hostname="LAPTOP-P42BDU4T" failures="3" tests="6" name="Test" time="0.082" errors="0" timestamp="2024-09-13T18:23:04 IST">
  <testcase classname="Testing5TC.Browser" name="@BeforeMethod launching" time="0.002">
    <failure type="java.lang.NullPointerException" message="Cannot invoke &amp;quot;org.openqa.selenium.WebDriver.manage()&amp;quot; because &amp;quot;this.driver&amp;quot; is null">
      <![CDATA[java.lang.NullPointerException: Cannot invoke "org.openqa.selenium.WebDriver.manage()" because "this.driver" is null
at Testing5TC.Browser.launching(Browser.java:36)
at java.base/java.util.ArrayList.forEach(ArrayList.java:1511)
... Removed 31 stack frames]]>
    </failure>
  </testcase> <!-- @BeforeMethod launching -->
  <testcase classname="Testing5TC.Browser" name="@AfterMethod Quit" time="-1.726231984675E9">
    <skipped/>
  </testcase> <!-- @AfterMethod Quit -->
  <testcase classname="Testing5TC.Browser" name="@BeforeMethod launching" time="0.0">
    <failure type="java.lang.NullPointerException" message="Cannot invoke &amp;quot;org.openqa.selenium.WebDriver.manage()&amp;quot; because &amp;quot;this.driver&amp;quot; is null">
      <![CDATA[java.lang.NullPointerException: Cannot invoke "org.openqa.selenium.WebDriver.manage()" because "this.driver" is null
at Testing5TC.Browser.launching(Browser.java:36)
at java.base/java.util.ArrayList.forEach(ArrayList.java:1511)
... Removed 31 stack frames]]>
    </failure>
  </testcase> <!-- @BeforeMethod launching -->
  <testcase classname="Testing5TC.Browser" name="@AfterMethod Quit" time="-1.726231984689E9">
    <skipped/>
  </testcase> <!-- @AfterMethod Quit -->
  <testcase classname="Testing5TC.Browser" name="@BeforeMethod launching" time="0.0">
    <failure type="java.lang.NullPointerException" message="Cannot invoke &amp;quot;org.openqa.selenium.WebDriver.manage()&amp;quot; because &amp;quot;this.driver&amp;quot; is null">
      <![CDATA[java.lang.NullPointerException: Cannot invoke "org.openqa.selenium.WebDriver.manage()" because "this.driver" is null
at Testing5TC.Browser.launching(Browser.java:36)
at java.base/java.util.ArrayList.forEach(ArrayList.java:1511)
... Removed 31 stack frames]]>
    </failure>
  </testcase> <!-- @BeforeMethod launching -->
  <testcase classname="Testing5TC.Browser" name="@AfterMethod Quit" time="-1.726231984705E9">
    <skipped/>
  </testcase> <!-- @AfterMethod Quit -->
  <testcase classname="Testing5TC.Browser" name="testcase1" time="0.0">
    <failure type="org.testng.TestNGException" message="
Parameter &amp;apos;browser&amp;apos; is required by @Test on method testcase1 but has not been marked @Optional or defined
in C:\Users\Asus\eclipse-workspace\Selenium\Swiggy5TC.xml">
      <![CDATA[org.testng.TestNGException: 
Parameter 'browser' is required by @Test on method testcase1 but has not been marked @Optional or defined
in C:\Users\Asus\eclipse-workspace\Selenium\Swiggy5TC.xml
at java.base/java.util.ArrayList.forEach(ArrayList.java:1511)
... Removed 26 stack frames]]>
    </failure>
  </testcase> <!-- testcase1 -->
  <testcase classname="Testing5TC.TestCase1_HomePageLoad" name="verifyHomePageTitle" time="0.0">
    <skipped/>
  </testcase> <!-- verifyHomePageTitle -->
  <testcase classname="Testing5TC.Browser" name="testcase1" time="0.0">
    <failure type="org.testng.TestNGException" message="
Parameter &amp;apos;browser&amp;apos; is required by @Test on method testcase1 but has not been marked @Optional or defined
in C:\Users\Asus\eclipse-workspace\Selenium\Swiggy5TC.xml">
      <![CDATA[org.testng.TestNGException: 
Parameter 'browser' is required by @Test on method testcase1 but has not been marked @Optional or defined
in C:\Users\Asus\eclipse-workspace\Selenium\Swiggy5TC.xml
at java.base/java.util.ArrayList.forEach(ArrayList.java:1511)
... Removed 26 stack frames]]>
    </failure>
  </testcase> <!-- testcase1 -->
  <testcase classname="Testing5TC.Testcase2_AddLocation" name="AddLocation" time="0.0">
    <skipped/>
  </testcase> <!-- AddLocation -->
  <testcase classname="Testing5TC.Browser" name="testcase1" time="0.0">
    <failure type="org.testng.TestNGException" message="
Parameter &amp;apos;browser&amp;apos; is required by @Test on method testcase1 but has not been marked @Optional or defined
in C:\Users\Asus\eclipse-workspace\Selenium\Swiggy5TC.xml">
      <![CDATA[org.testng.TestNGException: 
Parameter 'browser' is required by @Test on method testcase1 but has not been marked @Optional or defined
in C:\Users\Asus\eclipse-workspace\Selenium\Swiggy5TC.xml
at java.base/java.util.ArrayList.forEach(ArrayList.java:1511)
... Removed 26 stack frames]]>
    </failure>
  </testcase> <!-- testcase1 -->
  <testcase classname="Testing5TC.TestCase3_RestaurantSearch" name="verifyRestaurantSearch" time="0.0">
    <skipped/>
  </testcase> <!-- verifyRestaurantSearch -->
</testsuite> <!-- Test -->
